<?xml version="1.0" encoding="UTF-8"?>
<!-- Generated by org.testng.reporters.JUnitReportReporter -->
<testsuite hostname="Ramya" failures="0" tests="1" name="restAPI.GetEmployee" time="7.079" errors="0" timestamp="03 Feb 2024 16:35:59 GMT" skipped="0">
  <testcase classname="restAPI.GetEmployee" name="test1" time="7.079"/>
</testsuite> <!-- restAPI.GetEmployee -->
