<?xml version="1.0" encoding="UTF-8"?>
<!-- Generated by org.testng.reporters.JUnitReportReporter -->
<testsuite hostname="Ramya" failures="0" tests="1" name="restAPIXML.XMLTest" time="8.053" errors="0" timestamp="03 Feb 2024 17:17:03 GMT" skipped="0">
  <testcase classname="restAPIXML.XMLTest" name="test1" time="8.053"/>
</testsuite> <!-- restAPIXML.XMLTest -->
