<?xml version="1.0" encoding="UTF-8"?>
<!-- Generated by org.testng.reporters.JUnitReportReporter -->
<testsuite hostname="Ramya" failures="0" tests="1" name="gitHub.GetAllRepo" time="5.468" errors="0" timestamp="03 Feb 2024 17:34:47 GMT" skipped="0">
  <testcase classname="gitHub.GetAllRepo" name="test1" time="5.468"/>
</testsuite> <!-- gitHub.GetAllRepo -->
