<?xml version="1.0" encoding="UTF-8"?>
<!-- Generated by org.testng.reporters.JUnitReportReporter -->
<testsuite hostname="Ramya" failures="0" tests="1" name="restAPI.PostRequestWithJsonFile" time="4.429" errors="0" timestamp="03 Feb 2024 15:42:26 GMT" skipped="0">
  <testcase classname="restAPI.PostRequestWithJsonFile" name="test1" time="4.429"/>
</testsuite> <!-- restAPI.PostRequestWithJsonFile -->
