<?xml version="1.0" encoding="UTF-8"?>
<!-- Generated by org.testng.reporters.JUnitReportReporter -->
<testsuite hostname="Ramya" failures="0" tests="1" name="restAPI.PostRequest" time="7.687" errors="0" timestamp="03 Feb 2024 15:24:57 GMT" skipped="0">
  <testcase classname="restAPI.PostRequest" name="test1" time="7.687"/>
</testsuite> <!-- restAPI.PostRequest -->
