<?xml version="1.0" encoding="UTF-8"?>
<!-- Generated by org.testng.reporters.JUnitReportReporter -->
<testsuite hostname="Ramya" failures="0" tests="4" name="restAPIBDD.APIOperationsTest" time="16.702" errors="0" timestamp="04 Feb 2024 17:17:39 GMT" skipped="0">
  <testcase classname="restAPIBDD.APIOperationsTest" name="PostOperationWithHashMap" time="1.372"/>
  <testcase classname="restAPIBDD.APIOperationsTest" name="GetOperation" time="7.762"/>
  <testcase classname="restAPIBDD.APIOperationsTest" name="GetOperationWithParams" time="3.914"/>
  <testcase classname="restAPIBDD.APIOperationsTest" name="GetOperationWithQuryParams1" time="3.654"/>
</testsuite> <!-- restAPIBDD.APIOperationsTest -->
