<?xml version="1.0" encoding="UTF-8"?>
<!-- Generated by org.testng.reporters.JUnitReportReporter -->
<testsuite hostname="Ramya" failures="0" tests="1" name="restAPI.PutRequest" time="5.172" errors="0" timestamp="04 Feb 2024 17:01:40 GMT" skipped="0">
  <testcase classname="restAPI.PutRequest" name="test1" time="5.172"/>
</testsuite> <!-- restAPI.PutRequest -->
