<?xml version="1.0" encoding="UTF-8"?>
<!-- Generated by org.testng.reporters.JUnitReportReporter -->
<testsuite hostname="Ramya" failures="0" tests="1" name="restAPI.DeleteRequest" time="5.073" errors="0" timestamp="03 Feb 2024 16:35:08 GMT" skipped="0">
  <testcase classname="restAPI.DeleteRequest" name="test1" time="5.073"/>
</testsuite> <!-- restAPI.DeleteRequest -->
